<?xml version="1.0" encoding="UTF-8" ?>
<testsuites>
  <testsuite errors="0" failures="0" hostname="bluesky" id="0" name="TestSuiteExample" package="org.lanqiao.dao.impl" skipped="0" tests="3" time="0.772" timestamp="2018-07-28T01:32:09">
      <properties>
[...]
</properties>

      <testcase classname="org.lanqiao.dao.impl.LoginDaoTest" name="testAbc" time="0.0040" />

      <testcase classname="org.lanqiao.dao.impl.LoginDaoTest" name="testLogin" time="0.696" />

      <testcase classname="org.lanqiao.dao.impl.MyTest" name="testGetUser" time="0.0" />

      <system-out><![CDATA[]]></system-out>

      <system-err><![CDATA[]]></system-err>

  </testsuite>
</testsuites>
